[03:20:56] [main/ERROR]: Failed to load properties from file: server.properties
[03:21:04] [main/WARN]: Ambiguity between arguments [teleport, destination] and [teleport, targets] with inputs: [Player, 0123, @e, dd12be42-52a9-4a91-a8a1-11c01849e498]
[03:21:04] [main/WARN]: Ambiguity between arguments [teleport, location] and [teleport, destination] with inputs: [0.1 -0.5 .9, 0 0 0]
[03:21:04] [main/WARN]: Ambiguity between arguments [teleport, location] and [teleport, targets] with inputs: [0.1 -0.5 .9, 0 0 0]
[03:21:04] [main/WARN]: Ambiguity between arguments [teleport, targets] and [teleport, destination] with inputs: [Player, 0123, dd12be42-52a9-4a91-a8a1-11c01849e498]
[03:21:04] [main/WARN]: Ambiguity between arguments [teleport, targets, location] and [teleport, targets, destination] with inputs: [0.1 -0.5 .9, 0 0 0]
[03:21:04] [Server thread/INFO]: Starting minecraft server version 1.15.2
[03:21:04] [Server thread/INFO]: Loading properties
[03:21:04] [Server thread/INFO]: Default game type: SURVIVAL
[03:21:04] [Server thread/INFO]: Generating keypair
[03:21:04] [Server thread/INFO]: Starting Minecraft server on *:25565
[03:21:04] [Server thread/INFO]: Using default channel type
[03:21:04] [Server thread/INFO]: Preparing level "world"
[03:21:05] [Server thread/INFO]: Found new data pack vanilla, loading it automatically
[03:21:05] [Server thread/INFO]: Reloading ResourceManager: Default
[03:21:07] [Server thread/INFO]: Loaded 6 recipes
[03:21:07] [Server thread/INFO]: Loaded 825 advancements
[03:21:10] [Server thread/INFO]: Preparing start region for dimension minecraft:overworld
[03:21:10] [Server-Worker-1/INFO]: Preparing spawn area: 0%
[03:21:10] [Server-Worker-4/INFO]: Preparing spawn area: 0%
[03:21:11] [Server-Worker-3/INFO]: Preparing spawn area: 1%
[03:21:11] [Server-Worker-5/INFO]: Preparing spawn area: 4%
[03:21:12] [Server-Worker-5/INFO]: Preparing spawn area: 7%
[03:21:12] [Server-Worker-5/INFO]: Preparing spawn area: 12%
[03:21:13] [Server-Worker-5/INFO]: Preparing spawn area: 14%
[03:21:13] [Server-Worker-5/INFO]: Preparing spawn area: 21%
[03:21:14] [Server-Worker-1/INFO]: Preparing spawn area: 24%
[03:21:14] [Server-Worker-2/INFO]: Preparing spawn area: 30%
[03:21:15] [Server-Worker-4/INFO]: Preparing spawn area: 34%
[03:21:15] [Server-Worker-2/INFO]: Preparing spawn area: 40%
[03:21:16] [Server-Worker-4/INFO]: Preparing spawn area: 44%
[03:21:16] [Server-Worker-3/INFO]: Preparing spawn area: 53%
[03:21:17] [Server-Worker-2/INFO]: Preparing spawn area: 58%
[03:21:17] [Server-Worker-3/INFO]: Preparing spawn area: 68%
[03:21:18] [Server-Worker-3/INFO]: Preparing spawn area: 72%
[03:21:18] [Server-Worker-1/INFO]: Preparing spawn area: 82%
[03:21:19] [Server-Worker-1/INFO]: Preparing spawn area: 87%
[03:21:19] [Server-Worker-4/INFO]: Preparing spawn area: 97%
[03:21:19] [Server thread/INFO]: Time elapsed: 9568 ms
[03:21:19] [Server thread/INFO]: Done (14.655s)! For help, type "help"
[03:21:29] [Server thread/INFO]: Stopping the server
[03:21:29] [Server thread/INFO]: Stopping server
[03:21:29] [Server thread/INFO]: Saving players
[03:21:29] [Server thread/INFO]: Saving worlds
[03:21:29] [Server thread/INFO]: Saving chunks for level 'world'/minecraft:the_end
[03:21:29] [Server thread/INFO]: ThreadedAnvilChunkStorage (DIM1): All chunks are saved
[03:21:29] [Server thread/INFO]: Saving chunks for level 'world'/minecraft:overworld
[03:21:30] [Server thread/INFO]: ThreadedAnvilChunkStorage (world): All chunks are saved
[03:21:30] [Server thread/INFO]: Saving chunks for level 'world'/minecraft:the_nether
[03:21:30] [Server thread/INFO]: ThreadedAnvilChunkStorage (DIM-1): All chunks are saved
[03:21:30] [Server thread/INFO]: ThreadedAnvilChunkStorage (DIM1): All chunks are saved
[03:21:30] [Server thread/INFO]: ThreadedAnvilChunkStorage (world): All chunks are saved
[03:21:30] [Server thread/INFO]: ThreadedAnvilChunkStorage (DIM-1): All chunks are saved
